Arguments: 
  C:\Program Files\nodejs\node.exe C:\Users\user\AppData\Roaming\npm\node_modules\yarn\bin\yarn.js

PATH: 
  C:\Users\user\bin;C:\Program Files\Git\mingw64\bin;C:\Program Files\Git\usr\local\bin;C:\Program Files\Git\usr\bin;C:\Program Files\Git\usr\bin;C:\Program Files\Git\mingw64\bin;C:\Program Files\Git\usr\bin;C:\Users\user\bin;C:\Windows\system32;C:\Windows;C:\Windows\System32\Wbem;C:\Windows\System32\WindowsPowerShell\v1.0;C:\Windows\System32\OpenSSH;C:\Program Files\Git\cmd;C:\Program Files\nodejs;C:\Users\user\AppData\Local\Microsoft\WindowsApps;C:\Users\user\AppData\Local\Programs\Microsoft VS Code\bin;C:\Users\user\AppData\Roaming\npm;C:\Program Files\Git\usr\bin\vendor_perl;C:\Program Files\Git\usr\bin\core_perl

Yarn version: 
  1.22.10

Node version: 
  14.15.0

Platform: 
  win32 x64

Trace: 
  SyntaxError: C:\Users\user\Desktop\react-course-project\Indecision-app\package.json: Unexpected token } in JSON at position 417
      at JSON.parse (<anonymous>)
      at C:\Users\user\AppData\Roaming\npm\node_modules\yarn\lib\cli.js:1625:59
      at Generator.next (<anonymous>)
      at step (C:\Users\user\AppData\Roaming\npm\node_modules\yarn\lib\cli.js:310:30)
      at C:\Users\user\AppData\Roaming\npm\node_modules\yarn\lib\cli.js:321:13

npm manifest: 
  {
    "name": "indecision-app",
    "version": "1.0.0",
    "main": "index.js",
    "scripts": {
      "test": "echo \"Error: no test specified\" && exit 1",
      "serve": "live-server public/",
      "build": "webpack",
      "dev-server": "webpack-dev-server "
    },
    "author": "",
    "license": "ISC",
    "dependencies": {
      "react": "^16.0.0",
      "react-dom": "^16.0.0",
      "react-modal": "2.2.2",
      "validator": "8.0.0",
    },
    "devDependencies": {
      "babel-cli": "^6.24.1",
      "babel-core": "^6.25.0",
      "babel-loader": "^7.1.1",
      "babel-plugin-transform-class-properties": "6.24.1",
      "babel-preset-env": "1.5.2",
      "babel-preset-react": "6.24.1",
      "build": "^0.1.4",
      "css-loader": "0.28.4",
      "dev-server": "^0.1.0",
      "live-server": "^1.2.1",
      "node-sass": "^5.0.0",
      "sass-loader": "^10.0.5",
      "serve": "^11.3.2",
      "style-loader": "0.18.2",
      "webpack": "^3.1.0",
      "webpack-dev-server": "^2.5.1"
    },
    "description": ""
  }

yarn manifest: 
  No manifest

Lockfile: 
  No lockfile
